<?xml version="1.0" encoding="UTF-8"?>
<!-- Generated by org.testng.reporters.JUnitXMLReporter -->
<testsuite ignored="0" hostname="DESKTOP-APPKAR0" failures="0" tests="7" name="Search Test" time="28.841" errors="0" timestamp="2025-06-27T22:22:13 GMT+04:00">
  <testcase classname="org.wikitests.searchtests.SearchTest" name="testBoldSuggestions" time="1.699"/>
  <testcase classname="org.wikitests.searchtests.SearchTest" name="testClickSuggestionNavigatesToPage" time="2.628"/>
  <testcase classname="org.wikitests.searchtests.SearchTest" name="testNoBoldSuggestionsIfInvalidQuery" time="1.705"/>
  <testcase classname="org.wikitests.searchtests.SearchTest" name="testNoSuggestionsIfInvalidQuery" time="11.119"/>
  <testcase classname="org.wikitests.searchtests.SearchTest" name="testSearchButtonFirstSuggestion" time="1.705"/>
  <testcase classname="org.wikitests.searchtests.SearchTest" name="testSearchButtonNoSuggestions" time="2.053"/>
  <testcase classname="org.wikitests.searchtests.SearchTest" name="testSearchContainingPages" time="3.046"/>
</testsuite> <!-- Search Test -->
