<?xml version="1.0" encoding="UTF-8"?>
<!-- Generated by org.testng.reporters.JUnitXMLReporter -->
<testsuite ignored="0" hostname="DESKTOP-APPKAR0" failures="0" tests="7" name="testClickSuggestionNavigatesToPage" time="21.861" errors="0" timestamp="2025-06-26T23:26:27 GMT+04:00">
  <testcase classname="org.wikitests.searchtests.SearchTest" name="testBoldSuggestions" time="2.086"/>
  <testcase classname="org.wikitests.searchtests.SearchTest" name="testClickSuggestionNavigatesToPage" time="1.886"/>
  <testcase classname="org.wikitests.searchtests.SearchTest" name="testNoBoldSuggestionsIfInvalidQuery" time="1.072"/>
  <testcase classname="org.wikitests.searchtests.SearchTest" name="testNoSuggestionsIfInvalidQuery" time="10.499"/>
  <testcase classname="org.wikitests.searchtests.SearchTest" name="testSearchButtonFirstSuggestion" time="1.175"/>
  <testcase classname="org.wikitests.searchtests.SearchTest" name="testSearchButtonNoSuggestions" time="1.304"/>
  <testcase classname="org.wikitests.searchtests.SearchTest" name="testSearchContainingPages" time="2.32"/>
</testsuite> <!-- testClickSuggestionNavigatesToPage -->
