<?xml version="1.0" encoding="UTF-8"?>
<!-- Generated by org.testng.reporters.JUnitXMLReporter -->
<testsuite ignored="0" hostname="DESKTOP-APPKAR0" failures="0" tests="7" name="testSearchButtonFirstSuggestion" time="21.965" errors="0" timestamp="2025-06-26T23:26:27 GMT+04:00">
  <testcase classname="org.wikitests.searchtests.SearchTest" name="testBoldSuggestions" time="2.108"/>
  <testcase classname="org.wikitests.searchtests.SearchTest" name="testClickSuggestionNavigatesToPage" time="1.868"/>
  <testcase classname="org.wikitests.searchtests.SearchTest" name="testNoBoldSuggestionsIfInvalidQuery" time="1.1"/>
  <testcase classname="org.wikitests.searchtests.SearchTest" name="testNoSuggestionsIfInvalidQuery" time="10.475"/>
  <testcase classname="org.wikitests.searchtests.SearchTest" name="testSearchButtonFirstSuggestion" time="1.05"/>
  <testcase classname="org.wikitests.searchtests.SearchTest" name="testSearchButtonNoSuggestions" time="1.599"/>
  <testcase classname="org.wikitests.searchtests.SearchTest" name="testSearchContainingPages" time="2.338"/>
</testsuite> <!-- testSearchButtonFirstSuggestion -->
