<?xml version="1.0" encoding="UTF-8"?>
<!-- Generated by org.testng.reporters.JUnitXMLReporter -->
<testsuite ignored="0" hostname="DESKTOP-APPKAR0" failures="0" tests="7" name="testNoSuggestionsIfInvalidQuery" time="21.996" errors="0" timestamp="2025-06-26T23:26:27 GMT+04:00">
  <testcase classname="org.wikitests.searchtests.SearchTest" name="testBoldSuggestions" time="2.291"/>
  <testcase classname="org.wikitests.searchtests.SearchTest" name="testClickSuggestionNavigatesToPage" time="2.242"/>
  <testcase classname="org.wikitests.searchtests.SearchTest" name="testNoBoldSuggestionsIfInvalidQuery" time="1.06"/>
  <testcase classname="org.wikitests.searchtests.SearchTest" name="testNoSuggestionsIfInvalidQuery" time="10.382"/>
  <testcase classname="org.wikitests.searchtests.SearchTest" name="testSearchButtonFirstSuggestion" time="1.062"/>
  <testcase classname="org.wikitests.searchtests.SearchTest" name="testSearchButtonNoSuggestions" time="1.328"/>
  <testcase classname="org.wikitests.searchtests.SearchTest" name="testSearchContainingPages" time="2.205"/>
</testsuite> <!-- testNoSuggestionsIfInvalidQuery -->
