<?xml version="1.0" encoding="UTF-8"?>
<!-- Generated by org.testng.reporters.JUnitXMLReporter -->
<testsuite ignored="0" hostname="DESKTOP-APPKAR0" failures="0" tests="7" name="testSearchContainingPages" time="19.934" errors="0" timestamp="2025-06-26T23:26:47 GMT+04:00">
  <testcase classname="org.wikitests.searchtests.SearchTest" name="testBoldSuggestions" time="1.825"/>
  <testcase classname="org.wikitests.searchtests.SearchTest" name="testClickSuggestionNavigatesToPage" time="1.687"/>
  <testcase classname="org.wikitests.searchtests.SearchTest" name="testNoBoldSuggestionsIfInvalidQuery" time="0.893"/>
  <testcase classname="org.wikitests.searchtests.SearchTest" name="testNoSuggestionsIfInvalidQuery" time="10.381"/>
  <testcase classname="org.wikitests.searchtests.SearchTest" name="testSearchButtonFirstSuggestion" time="1.088"/>
  <testcase classname="org.wikitests.searchtests.SearchTest" name="testSearchButtonNoSuggestions" time="1.298"/>
  <testcase classname="org.wikitests.searchtests.SearchTest" name="testSearchContainingPages" time="2.0"/>
</testsuite> <!-- testSearchContainingPages -->
